<?xml version="1.0" encoding="UTF-8"?>
<!-- Generated by org.testng.reporters.JUnitReportReporter -->
<testsuite skipped="0" hostname="Deeksha-PC" name="com.swapi.test.TC01_SWAPI_GET" tests="1" failures="0" timestamp="22 Sep 2019 08:14:41 GMT" time="5.614" errors="0">
  <testcase name="get_SWAPI_GET" time="5.614" classname="com.swapi.test.TC01_SWAPI_GET"/>
</testsuite> <!-- com.swapi.test.TC01_SWAPI_GET -->
