<?xml version="1.0" encoding="UTF-8"?>
<!-- Generated by org.testng.reporters.JUnitReportReporter -->
<testsuite skipped="0" hostname="Deeksha-PC" name="com.swapi.test.TC02_RestAPIDemo_POST" tests="1" failures="0" timestamp="22 Sep 2019 13:38:58 GMT" time="4.189" errors="0">
  <testcase name="restAPIDemoQA_Post" time="4.189" classname="com.swapi.test.TC02_RestAPIDemo_POST"/>
</testsuite> <!-- com.swapi.test.TC02_RestAPIDemo_POST -->
