<?xml version="1.0" encoding="UTF-8"?>
<!-- Generated by org.testng.reporters.JUnitReportReporter -->
<testsuite skipped="0" hostname="Deeksha-PC" name="com.swapi.test.TC01_SWAPI_GET" tests="1" failures="0" timestamp="25 Sep 2019 15:28:39 GMT" time="7.873" errors="0">
  <testcase name="starWarAPI_GET" time="7.873" classname="com.swapi.test.TC01_SWAPI_GET"/>
</testsuite> <!-- com.swapi.test.TC01_SWAPI_GET -->
